<?xml version="1.0" encoding="UTF-8"?>
<!-- Generated by org.testng.reporters.JUnitReportReporter -->
<testsuite hostname="Ranjan61s-MacBook-Pro.local" failures="0" tests="1" name="Acadmey.base" time="0.008" errors="0" timestamp="05 Jun 2019 06:37:59 GMT" skipped="0">
  <testcase classname="Acadmey.base" name="initializedDriver" time="0.008"/>
</testsuite> <!-- Acadmey.base -->
