<?xml version="1.0" encoding="UTF-8"?>
<!-- Generated by org.testng.reporters.JUnitReportReporter -->
<testsuite hostname="Ranjan61s-MacBook-Pro.local" failures="0" tests="1" name="Acadmey.validatebuttons" time="11.262" errors="0" timestamp="29 Jun 2019 17:02:26 GMT" skipped="0">
  <testcase classname="Acadmey.validatebuttons" name="BussinesEmail" time="11.262"/>
</testsuite> <!-- Acadmey.validatebuttons -->
