<?xml version="1.0" encoding="UTF-8"?>
<!-- Generated by org.testng.reporters.JUnitReportReporter -->
<testsuite skipped="0" hostname="Ranjan61s-MacBook-Pro.local" name="Acadmey.validatebuttons" tests="1" failures="0" timestamp="06 Jun 2019 14:12:43 GMT" time="6.292" errors="0">
  <testcase name="BussinesEmail" time="6.292" classname="Acadmey.validatebuttons"/>
</testsuite> <!-- Acadmey.validatebuttons -->
