<?xml version="1.0" encoding="UTF-8"?>
<!-- Generated by org.testng.reporters.JUnitReportReporter -->
<testsuite skipped="0" hostname="Ranjan61s-MacBook-Pro.local" name="Acadmey.Rediff" tests="2" failures="0" timestamp="06 Jun 2019 14:12:48 GMT" time="11.399" errors="0">
  <testcase name="redifflog" time="6.917" classname="Acadmey.Rediff"/>
  <testcase name="redifflog" time="4.482" classname="Acadmey.Rediff"/>
</testsuite> <!-- Acadmey.Rediff -->
